[2023-04-05 19:21:07] Отправлен запрос: 2.000000 3.000000 3.000000
[2023-04-05 19:21:17] Превышено время ожидания.
[2023-04-06 10:31:45] Отправлен запрос: 3.000000 2.000000 3.000000
[2023-04-06 10:31:50] Превышено время ожидания.
[2023-04-16 12:51:46] Ошибка при обработке коэффициентов.
[2023-04-16 12:51:55] Ошибка при обработке коэффициентов.
[2023-04-16 12:56:27] Отправлен запрос: 2.000000 2.000000 2.000000
[2023-04-16 12:56:29] Программа прервана пользователем.
[2023-04-16 12:56:35] Ошибка при обработке коэффициентов.
[2023-04-16 12:58:12] Ошибка при обработке коэффициентов.
[2023-04-16 12:58:27] Ошибка при обработке коэффициентов.
[2023-04-16 12:58:41] Ошибка при обработке коэффициентов.
[2023-04-16 12:58:54] Отправлен запрос: 2.000000 2.000000 2.000000
[2023-04-16 12:58:58] Программа прервана пользователем.
[2023-04-16 12:59:00] Отправлен запрос: 2.000000 2.000000 2.000000
[2023-04-16 12:59:05] Программа прервана пользователем.
[2023-04-16 13:00:14] Ошибка при обработке коэффициентов.
[2023-04-16 13:01:35] Ошибка при обработке коэффициентов.
[2023-04-16 13:01:41] Отправлен запрос: 2.000000 2.000000 2.000000
[2023-04-16 13:01:51] Превышено время ожидания.
[2023-04-16 13:01:53] Ошибка при обработке коэффициентов.
[2023-04-16 13:02:27] Ошибка при обработке коэффициентов.
[2023-04-16 13:03:35] Ошибка при обработке коэффициентов.
[2023-04-16 13:06:51] Ошибка при обработке коэффициентов.
[2023-04-16 13:11:29] Отправлен запрос: 2.000000 2.000000 2.000000
[2023-04-16 13:11:39] Превышено время ожидания.
[2023-04-16 22:16:25] Отправлен запрос: 3.000000 3.000000 3.000000 3.000000
[2023-04-16 22:16:34] Программа прервана пользователем.
[2023-04-16 22:28:11] Ошибка при обработке коэффициентов.
[2023-04-16 22:28:34] Ошибка при обработке коэффициентов.
[2023-04-17 13:10:56] Отправлен запрос: 5.000000 3.000000 5.000000
[2023-04-17 13:11:17] Программа прервана пользователем.
[2023-04-17 21:07:10] Аутентификация прошла успешно.
[2023-04-17 21:07:10] Отправлен запрос: 5.000000 3.000000 5.000000
[2023-04-17 21:07:15] Программа прервана пользователем.
[2023-04-17 21:07:22] Аутентификация не прошла.
[2023-04-17 21:07:22] Аутентификация не прошла.
[2023-04-17 21:08:26] Аутентификация не прошла.
[2023-04-17 21:08:26] Аутентификация не прошла.
[2023-04-17 21:08:34] Аутентификация прошла успешно.
[2023-04-17 21:08:34] Отправлен запрос: 5.000000 3.000000 5.000000
[2023-04-17 21:13:01] Программа прервана пользователем.
[2023-04-17 21:19:41] Аутентификация не прошла.
[2023-04-17 21:19:53] Аутентификация прошла успешно.
[2023-04-17 21:19:53] Отправлен запрос: 5.000000 3.000000 5.000000
[2023-04-17 21:19:59] Программа прервана пользователем.
[2023-04-17 21:40:39] Аутентификация прошла успешно.
[2023-04-17 21:40:39] Отправлен запрос: 5.000000 5.000000 5.000000
[2023-04-17 21:40:41] Программа прервана пользователем.
[2023-04-17 21:40:36] Аутентификация прошла успешно.
[2023-04-17 21:40:36] Отправлен запрос: 5.000000 5.000000 5.000000
[2023-04-17 21:40:42] Программа прервана пользователем.
[2023-04-18 13:02:17] Аутентификация прошла успешно.
[2023-04-18 13:02:17] Отправлен запрос: 5.000000 3.000000 5.000000 3.000000
[2023-04-18 13:02:27] Программа прервана пользователем.
